2024-11-05 22:39:11,731 [Worker-5: Loading available Gradle versions] INFO  o.e.b.c.i.u.g.PublishedGradleVersions - Gradle version information cache is not available. Remote download required.
2024-11-05 23:10:08,315 [ModalContext] INFO  o.e.m.c.i.e.AbstractTransferListenerAdapter - Downloading https://repo.maven.apache.org/maven2/org/apache/maven/archetypes/maven-archetype-simple/1.5/maven-archetype-simple-1.5.pom
2024-11-05 23:10:08,398 [ModalContext] INFO  o.e.m.c.i.e.AbstractTransferListenerAdapter - Downloaded https://repo.maven.apache.org/maven2/org/apache/maven/archetypes/maven-archetype-simple/1.5/maven-archetype-simple-1.5.pom
2024-11-05 23:10:08,516 [ModalContext] INFO  o.e.m.c.i.e.AbstractTransferListenerAdapter - Downloading https://repo.maven.apache.org/maven2/org/apache/maven/archetypes/maven-archetype-bundles/1.5/maven-archetype-bundles-1.5.pom
2024-11-05 23:10:08,586 [ModalContext] INFO  o.e.m.c.i.e.AbstractTransferListenerAdapter - Downloaded https://repo.maven.apache.org/maven2/org/apache/maven/archetypes/maven-archetype-bundles/1.5/maven-archetype-bundles-1.5.pom
2024-11-05 23:10:08,647 [ModalContext] INFO  o.e.m.c.i.e.AbstractTransferListenerAdapter - Downloading https://repo.maven.apache.org/maven2/org/apache/maven/maven-parent/43/maven-parent-43.pom
2024-11-05 23:10:08,720 [ModalContext] INFO  o.e.m.c.i.e.AbstractTransferListenerAdapter - Downloaded https://repo.maven.apache.org/maven2/org/apache/maven/maven-parent/43/maven-parent-43.pom
2024-11-05 23:10:08,804 [ModalContext] INFO  o.e.m.c.i.e.AbstractTransferListenerAdapter - Downloading https://repo.maven.apache.org/maven2/org/apache/apache/33/apache-33.pom
2024-11-05 23:10:08,864 [ModalContext] INFO  o.e.m.c.i.e.AbstractTransferListenerAdapter - Downloaded https://repo.maven.apache.org/maven2/org/apache/apache/33/apache-33.pom
2024-11-05 23:10:08,991 [ModalContext] INFO  o.e.m.c.i.e.AbstractTransferListenerAdapter - Downloading https://repo.maven.apache.org/maven2/org/junit/junit-bom/5.10.3/junit-bom-5.10.3.pom
2024-11-05 23:10:09,061 [ModalContext] INFO  o.e.m.c.i.e.AbstractTransferListenerAdapter - Downloaded https://repo.maven.apache.org/maven2/org/junit/junit-bom/5.10.3/junit-bom-5.10.3.pom
2024-11-05 23:10:09,112 [ModalContext] INFO  o.e.m.c.i.e.AbstractTransferListenerAdapter - Downloading https://repo.maven.apache.org/maven2/org/apache/maven/archetypes/maven-archetype-simple/1.5/maven-archetype-simple-1.5.jar
2024-11-05 23:10:09,441 [ModalContext] INFO  o.e.m.c.i.e.AbstractTransferListenerAdapter - Downloaded https://repo.maven.apache.org/maven2/org/apache/maven/archetypes/maven-archetype-simple/1.5/maven-archetype-simple-1.5.jar
2024-11-05 23:13:50,374 [Worker-18: Launching mavenrun-0c7e02b6-81da-4666-aec6-96b96ff56297] INFO  o.eclipse.m2e.core.internal.Bundles - getClasspathEntries(Bundle=org.eclipse.m2e.maven.runtime_3.9.900.20240824-1409 [643])
2024-11-05 23:13:50,376 [Worker-18: Launching mavenrun-0c7e02b6-81da-4666-aec6-96b96ff56297] INFO  o.eclipse.m2e.core.internal.Bundles - 	Entry: F:\Eclipse\plugins\org.eclipse.m2e.maven.runtime_3.9.900.20240824-1409
2024-11-05 23:13:50,377 [Worker-18: Launching mavenrun-0c7e02b6-81da-4666-aec6-96b96ff56297] INFO  o.eclipse.m2e.core.internal.Bundles - 	Entry: F:\Eclipse\plugins\org.eclipse.m2e.maven.runtime_3.9.900.20240824-1409\jars\aopalliance-1.0.jar
2024-11-05 23:13:50,377 [Worker-18: Launching mavenrun-0c7e02b6-81da-4666-aec6-96b96ff56297] INFO  o.eclipse.m2e.core.internal.Bundles - 	Entry: F:\Eclipse\plugins\org.eclipse.m2e.maven.runtime_3.9.900.20240824-1409\jars\guice-5.1.0.jar
2024-11-05 23:13:50,377 [Worker-18: Launching mavenrun-0c7e02b6-81da-4666-aec6-96b96ff56297] INFO  o.eclipse.m2e.core.internal.Bundles - 	Entry: F:\Eclipse\plugins\org.eclipse.m2e.maven.runtime_3.9.900.20240824-1409\jars\httpclient-4.5.14.jar
2024-11-05 23:13:50,377 [Worker-18: Launching mavenrun-0c7e02b6-81da-4666-aec6-96b96ff56297] INFO  o.eclipse.m2e.core.internal.Bundles - 	Entry: F:\Eclipse\plugins\org.eclipse.m2e.maven.runtime_3.9.900.20240824-1409\jars\httpcore-4.4.16.jar
2024-11-05 23:13:50,378 [Worker-18: Launching mavenrun-0c7e02b6-81da-4666-aec6-96b96ff56297] INFO  o.eclipse.m2e.core.internal.Bundles - 	Entry: F:\Eclipse\plugins\org.eclipse.m2e.maven.runtime_3.9.900.20240824-1409\jars\jansi-2.4.1.jar
2024-11-05 23:13:50,378 [Worker-18: Launching mavenrun-0c7e02b6-81da-4666-aec6-96b96ff56297] INFO  o.eclipse.m2e.core.internal.Bundles - 	Entry: F:\Eclipse\plugins\org.eclipse.m2e.maven.runtime_3.9.900.20240824-1409\jars\jcl-over-slf4j-1.7.36.jar
2024-11-05 23:13:50,378 [Worker-18: Launching mavenrun-0c7e02b6-81da-4666-aec6-96b96ff56297] INFO  o.eclipse.m2e.core.internal.Bundles - 	Entry: F:\Eclipse\plugins\org.eclipse.m2e.maven.runtime_3.9.900.20240824-1409\jars\maven-artifact-3.9.9.jar
2024-11-05 23:13:50,378 [Worker-18: Launching mavenrun-0c7e02b6-81da-4666-aec6-96b96ff56297] INFO  o.eclipse.m2e.core.internal.Bundles - 	Entry: F:\Eclipse\plugins\org.eclipse.m2e.maven.runtime_3.9.900.20240824-1409\jars\maven-builder-support-3.9.9.jar
2024-11-05 23:13:50,378 [Worker-18: Launching mavenrun-0c7e02b6-81da-4666-aec6-96b96ff56297] INFO  o.eclipse.m2e.core.internal.Bundles - 	Entry: F:\Eclipse\plugins\org.eclipse.m2e.maven.runtime_3.9.900.20240824-1409\jars\maven-compat-3.9.9.jar
2024-11-05 23:13:50,378 [Worker-18: Launching mavenrun-0c7e02b6-81da-4666-aec6-96b96ff56297] INFO  o.eclipse.m2e.core.internal.Bundles - 	Entry: F:\Eclipse\plugins\org.eclipse.m2e.maven.runtime_3.9.900.20240824-1409\jars\maven-core-3.9.9.jar
2024-11-05 23:13:50,378 [Worker-18: Launching mavenrun-0c7e02b6-81da-4666-aec6-96b96ff56297] INFO  o.eclipse.m2e.core.internal.Bundles - 	Entry: F:\Eclipse\plugins\org.eclipse.m2e.maven.runtime_3.9.900.20240824-1409\jars\maven-embedder-3.9.9.jar
2024-11-05 23:13:50,379 [Worker-18: Launching mavenrun-0c7e02b6-81da-4666-aec6-96b96ff56297] INFO  o.eclipse.m2e.core.internal.Bundles - 	Entry: F:\Eclipse\plugins\org.eclipse.m2e.maven.runtime_3.9.900.20240824-1409\jars\maven-model-3.9.9.jar
2024-11-05 23:13:50,379 [Worker-18: Launching mavenrun-0c7e02b6-81da-4666-aec6-96b96ff56297] INFO  o.eclipse.m2e.core.internal.Bundles - 	Entry: F:\Eclipse\plugins\org.eclipse.m2e.maven.runtime_3.9.900.20240824-1409\jars\maven-model-builder-3.9.9.jar
2024-11-05 23:13:50,379 [Worker-18: Launching mavenrun-0c7e02b6-81da-4666-aec6-96b96ff56297] INFO  o.eclipse.m2e.core.internal.Bundles - 	Entry: F:\Eclipse\plugins\org.eclipse.m2e.maven.runtime_3.9.900.20240824-1409\jars\maven-plugin-api-3.9.9.jar
2024-11-05 23:13:50,379 [Worker-18: Launching mavenrun-0c7e02b6-81da-4666-aec6-96b96ff56297] INFO  o.eclipse.m2e.core.internal.Bundles - 	Entry: F:\Eclipse\plugins\org.eclipse.m2e.maven.runtime_3.9.900.20240824-1409\jars\maven-repository-metadata-3.9.9.jar
2024-11-05 23:13:50,379 [Worker-18: Launching mavenrun-0c7e02b6-81da-4666-aec6-96b96ff56297] INFO  o.eclipse.m2e.core.internal.Bundles - 	Entry: F:\Eclipse\plugins\org.eclipse.m2e.maven.runtime_3.9.900.20240824-1409\jars\maven-resolver-api-1.9.22.jar
2024-11-05 23:13:50,379 [Worker-18: Launching mavenrun-0c7e02b6-81da-4666-aec6-96b96ff56297] INFO  o.eclipse.m2e.core.internal.Bundles - 	Entry: F:\Eclipse\plugins\org.eclipse.m2e.maven.runtime_3.9.900.20240824-1409\jars\maven-resolver-connector-basic-1.9.22.jar
2024-11-05 23:13:50,379 [Worker-18: Launching mavenrun-0c7e02b6-81da-4666-aec6-96b96ff56297] INFO  o.eclipse.m2e.core.internal.Bundles - 	Entry: F:\Eclipse\plugins\org.eclipse.m2e.maven.runtime_3.9.900.20240824-1409\jars\maven-resolver-impl-1.9.22.jar
2024-11-05 23:13:50,379 [Worker-18: Launching mavenrun-0c7e02b6-81da-4666-aec6-96b96ff56297] INFO  o.eclipse.m2e.core.internal.Bundles - 	Entry: F:\Eclipse\plugins\org.eclipse.m2e.maven.runtime_3.9.900.20240824-1409\jars\maven-resolver-named-locks-1.9.22.jar
2024-11-05 23:13:50,380 [Worker-18: Launching mavenrun-0c7e02b6-81da-4666-aec6-96b96ff56297] INFO  o.eclipse.m2e.core.internal.Bundles - 	Entry: F:\Eclipse\plugins\org.eclipse.m2e.maven.runtime_3.9.900.20240824-1409\jars\maven-resolver-provider-3.9.9.jar
2024-11-05 23:13:50,380 [Worker-18: Launching mavenrun-0c7e02b6-81da-4666-aec6-96b96ff56297] INFO  o.eclipse.m2e.core.internal.Bundles - 	Entry: F:\Eclipse\plugins\org.eclipse.m2e.maven.runtime_3.9.900.20240824-1409\jars\maven-resolver-spi-1.9.22.jar
2024-11-05 23:13:50,380 [Worker-18: Launching mavenrun-0c7e02b6-81da-4666-aec6-96b96ff56297] INFO  o.eclipse.m2e.core.internal.Bundles - 	Entry: F:\Eclipse\plugins\org.eclipse.m2e.maven.runtime_3.9.900.20240824-1409\jars\maven-resolver-transport-file-1.9.22.jar
2024-11-05 23:13:50,380 [Worker-18: Launching mavenrun-0c7e02b6-81da-4666-aec6-96b96ff56297] INFO  o.eclipse.m2e.core.internal.Bundles - 	Entry: F:\Eclipse\plugins\org.eclipse.m2e.maven.runtime_3.9.900.20240824-1409\jars\maven-resolver-transport-http-1.9.22.jar
2024-11-05 23:13:50,380 [Worker-18: Launching mavenrun-0c7e02b6-81da-4666-aec6-96b96ff56297] INFO  o.eclipse.m2e.core.internal.Bundles - 	Entry: F:\Eclipse\plugins\org.eclipse.m2e.maven.runtime_3.9.900.20240824-1409\jars\maven-resolver-transport-wagon-1.9.22.jar
2024-11-05 23:13:50,380 [Worker-18: Launching mavenrun-0c7e02b6-81da-4666-aec6-96b96ff56297] INFO  o.eclipse.m2e.core.internal.Bundles - 	Entry: F:\Eclipse\plugins\org.eclipse.m2e.maven.runtime_3.9.900.20240824-1409\jars\maven-resolver-util-1.9.22.jar
2024-11-05 23:13:50,381 [Worker-18: Launching mavenrun-0c7e02b6-81da-4666-aec6-96b96ff56297] INFO  o.eclipse.m2e.core.internal.Bundles - 	Entry: F:\Eclipse\plugins\org.eclipse.m2e.maven.runtime_3.9.900.20240824-1409\jars\maven-settings-3.9.9.jar
2024-11-05 23:13:50,381 [Worker-18: Launching mavenrun-0c7e02b6-81da-4666-aec6-96b96ff56297] INFO  o.eclipse.m2e.core.internal.Bundles - 	Entry: F:\Eclipse\plugins\org.eclipse.m2e.maven.runtime_3.9.900.20240824-1409\jars\maven-settings-builder-3.9.9.jar
2024-11-05 23:13:50,381 [Worker-18: Launching mavenrun-0c7e02b6-81da-4666-aec6-96b96ff56297] INFO  o.eclipse.m2e.core.internal.Bundles - 	Entry: F:\Eclipse\plugins\org.eclipse.m2e.maven.runtime_3.9.900.20240824-1409\jars\maven-shared-utils-3.4.2.jar
2024-11-05 23:13:50,381 [Worker-18: Launching mavenrun-0c7e02b6-81da-4666-aec6-96b96ff56297] INFO  o.eclipse.m2e.core.internal.Bundles - 	Entry: F:\Eclipse\plugins\org.eclipse.m2e.maven.runtime_3.9.900.20240824-1409\jars\org.eclipse.sisu.inject-0.9.0.M3.jar
2024-11-05 23:13:50,381 [Worker-18: Launching mavenrun-0c7e02b6-81da-4666-aec6-96b96ff56297] INFO  o.eclipse.m2e.core.internal.Bundles - 	Entry: F:\Eclipse\plugins\org.eclipse.m2e.maven.runtime_3.9.900.20240824-1409\jars\org.eclipse.sisu.plexus-0.9.0.M3.jar
2024-11-05 23:13:50,381 [Worker-18: Launching mavenrun-0c7e02b6-81da-4666-aec6-96b96ff56297] INFO  o.eclipse.m2e.core.internal.Bundles - 	Entry: F:\Eclipse\plugins\org.eclipse.m2e.maven.runtime_3.9.900.20240824-1409\jars\plexus-build-api-0.0.7.jar
2024-11-05 23:13:50,381 [Worker-18: Launching mavenrun-0c7e02b6-81da-4666-aec6-96b96ff56297] INFO  o.eclipse.m2e.core.internal.Bundles - 	Entry: F:\Eclipse\plugins\org.eclipse.m2e.maven.runtime_3.9.900.20240824-1409\jars\plexus-build-api-1.2.0.jar
2024-11-05 23:13:50,381 [Worker-18: Launching mavenrun-0c7e02b6-81da-4666-aec6-96b96ff56297] INFO  o.eclipse.m2e.core.internal.Bundles - 	Entry: F:\Eclipse\plugins\org.eclipse.m2e.maven.runtime_3.9.900.20240824-1409\jars\plexus-cipher-2.0.jar
2024-11-05 23:13:50,382 [Worker-18: Launching mavenrun-0c7e02b6-81da-4666-aec6-96b96ff56297] INFO  o.eclipse.m2e.core.internal.Bundles - 	Entry: F:\Eclipse\plugins\org.eclipse.m2e.maven.runtime_3.9.900.20240824-1409\jars\plexus-classworlds-2.8.0.jar
2024-11-05 23:13:50,382 [Worker-18: Launching mavenrun-0c7e02b6-81da-4666-aec6-96b96ff56297] INFO  o.eclipse.m2e.core.internal.Bundles - 	Entry: F:\Eclipse\plugins\org.eclipse.m2e.maven.runtime_3.9.900.20240824-1409\jars\plexus-component-annotations-2.1.0.jar
2024-11-05 23:13:50,382 [Worker-18: Launching mavenrun-0c7e02b6-81da-4666-aec6-96b96ff56297] INFO  o.eclipse.m2e.core.internal.Bundles - 	Entry: F:\Eclipse\plugins\org.eclipse.m2e.maven.runtime_3.9.900.20240824-1409\jars\plexus-interpolation-1.27.jar
2024-11-05 23:13:50,382 [Worker-18: Launching mavenrun-0c7e02b6-81da-4666-aec6-96b96ff56297] INFO  o.eclipse.m2e.core.internal.Bundles - 	Entry: F:\Eclipse\plugins\org.eclipse.m2e.maven.runtime_3.9.900.20240824-1409\jars\plexus-sec-dispatcher-2.0.jar
2024-11-05 23:13:50,383 [Worker-18: Launching mavenrun-0c7e02b6-81da-4666-aec6-96b96ff56297] INFO  o.eclipse.m2e.core.internal.Bundles - 	Entry: F:\Eclipse\plugins\org.eclipse.m2e.maven.runtime_3.9.900.20240824-1409\jars\plexus-utils-3.5.1.jar
2024-11-05 23:13:50,383 [Worker-18: Launching mavenrun-0c7e02b6-81da-4666-aec6-96b96ff56297] INFO  o.eclipse.m2e.core.internal.Bundles - 	Entry: F:\Eclipse\plugins\org.eclipse.m2e.maven.runtime_3.9.900.20240824-1409\jars\plexus-xml-3.0.1.jar
2024-11-05 23:13:50,383 [Worker-18: Launching mavenrun-0c7e02b6-81da-4666-aec6-96b96ff56297] INFO  o.eclipse.m2e.core.internal.Bundles - 	Entry: F:\Eclipse\plugins\org.eclipse.m2e.maven.runtime_3.9.900.20240824-1409\jars\wagon-file-3.5.3.jar
2024-11-05 23:13:50,383 [Worker-18: Launching mavenrun-0c7e02b6-81da-4666-aec6-96b96ff56297] INFO  o.eclipse.m2e.core.internal.Bundles - 	Entry: F:\Eclipse\plugins\org.eclipse.m2e.maven.runtime_3.9.900.20240824-1409\jars\wagon-http-3.5.3.jar
2024-11-05 23:13:50,383 [Worker-18: Launching mavenrun-0c7e02b6-81da-4666-aec6-96b96ff56297] INFO  o.eclipse.m2e.core.internal.Bundles - 	Entry: F:\Eclipse\plugins\org.eclipse.m2e.maven.runtime_3.9.900.20240824-1409\jars\wagon-http-shared-3.5.3.jar
2024-11-05 23:13:50,384 [Worker-18: Launching mavenrun-0c7e02b6-81da-4666-aec6-96b96ff56297] INFO  o.eclipse.m2e.core.internal.Bundles - 	Entry: F:\Eclipse\plugins\org.eclipse.m2e.maven.runtime_3.9.900.20240824-1409\jars\wagon-provider-api-3.5.3.jar
2024-11-05 23:13:50,420 [Worker-18: Launching mavenrun-0c7e02b6-81da-4666-aec6-96b96ff56297] INFO  o.eclipse.m2e.core.internal.Bundles - getClasspathEntries(Bundle=com.google.guava_33.3.0.jre [16])
2024-11-05 23:13:50,421 [Worker-18: Launching mavenrun-0c7e02b6-81da-4666-aec6-96b96ff56297] INFO  o.eclipse.m2e.core.internal.Bundles - 	Entry: F:\Eclipse\plugins\com.google.guava_33.3.0.jre.jar
2024-11-05 23:13:50,421 [Worker-18: Launching mavenrun-0c7e02b6-81da-4666-aec6-96b96ff56297] INFO  o.eclipse.m2e.core.internal.Bundles - getClasspathEntries(Bundle=slf4j.api_2.0.16 [1008])
2024-11-05 23:13:50,421 [Worker-18: Launching mavenrun-0c7e02b6-81da-4666-aec6-96b96ff56297] INFO  o.eclipse.m2e.core.internal.Bundles - 	Entry: F:\Eclipse\plugins\slf4j.api_2.0.16.jar
2024-11-05 23:13:50,422 [Worker-18: Launching mavenrun-0c7e02b6-81da-4666-aec6-96b96ff56297] INFO  o.eclipse.m2e.core.internal.Bundles - getClasspathEntries(Bundle=jakarta.inject.jakarta.inject-api_1.0.5 [34])
2024-11-05 23:13:50,422 [Worker-18: Launching mavenrun-0c7e02b6-81da-4666-aec6-96b96ff56297] INFO  o.eclipse.m2e.core.internal.Bundles - 	Entry: F:\Eclipse\plugins\jakarta.inject.jakarta.inject-api_1.0.5.jar
2024-11-05 23:13:50,422 [Worker-18: Launching mavenrun-0c7e02b6-81da-4666-aec6-96b96ff56297] INFO  o.eclipse.m2e.core.internal.Bundles - getClasspathEntries(Bundle=jakarta.annotation-api_1.3.5 [29])
2024-11-05 23:13:50,423 [Worker-18: Launching mavenrun-0c7e02b6-81da-4666-aec6-96b96ff56297] INFO  o.eclipse.m2e.core.internal.Bundles - 	Entry: F:\Eclipse\plugins\jakarta.annotation-api_1.3.5.jar
2024-11-05 23:13:50,423 [Worker-18: Launching mavenrun-0c7e02b6-81da-4666-aec6-96b96ff56297] INFO  o.eclipse.m2e.core.internal.Bundles - getClasspathEntries(Bundle=org.apache.commons.cli_1.9.0 [78])
2024-11-05 23:13:50,423 [Worker-18: Launching mavenrun-0c7e02b6-81da-4666-aec6-96b96ff56297] INFO  o.eclipse.m2e.core.internal.Bundles - 	Entry: F:\Eclipse\plugins\org.apache.commons.cli_1.9.0.jar
2024-11-05 23:13:50,423 [Worker-18: Launching mavenrun-0c7e02b6-81da-4666-aec6-96b96ff56297] INFO  o.eclipse.m2e.core.internal.Bundles - getClasspathEntries(Bundle=org.apache.commons.commons-codec_1.16.0 [81])
2024-11-05 23:13:50,425 [Worker-18: Launching mavenrun-0c7e02b6-81da-4666-aec6-96b96ff56297] INFO  o.eclipse.m2e.core.internal.Bundles - 	Entry: F:\Eclipse\plugins\org.apache.commons.commons-codec_1.16.0.jar
2024-11-05 23:13:50,425 [Worker-18: Launching mavenrun-0c7e02b6-81da-4666-aec6-96b96ff56297] INFO  o.eclipse.m2e.core.internal.Bundles - getClasspathEntries(Bundle=com.google.guava.failureaccess_1.0.2 [17])
2024-11-05 23:13:50,425 [Worker-18: Launching mavenrun-0c7e02b6-81da-4666-aec6-96b96ff56297] INFO  o.eclipse.m2e.core.internal.Bundles - 	Entry: F:\Eclipse\plugins\com.google.guava.failureaccess_1.0.2.jar
2024-11-05 23:13:50,688 [Worker-18: Launching mavenrun-0c7e02b6-81da-4666-aec6-96b96ff56297] INFO  o.e.m.i.launch.MavenLaunchDelegate - Run build in "C:\Users\nithi\AppData\Local\Temp\m2e-archetypeGenerator8080814693549177098":
2024-11-05 23:13:50,787 [Worker-18: Launching mavenrun-0c7e02b6-81da-4666-aec6-96b96ff56297] INFO  o.e.m.i.launch.MavenLaunchDelegate -  mvn  -DarchetypeGroupId=org.apache.maven.archetypes -DarchetypeArtifactId=maven-archetype-simple -DarchetypeVersion=1.5 -DgroupId=Automation -DartifactId=CodilityExam2024 -Dversion=0.0.1-SNAPSHOT -Dpackage=Automation.CodilityExam2024 -DoutputDirectory="F:\My Practice" -Dstyle.color=always -U archetype:generate
